= Host-specific information ====================================================
$> hostname; uname -msr
c3r2s2.wethinkcode.co.za
Darwin 18.6.0 x86_64
$> date
Tue Jul  2 12:58:53 SAST 2019
$> gcc --version
Configured with: --prefix=/Applications/Xcode.app/Contents/Developer/usr --with-gxx-include-dir=/Applications/Xcode.app/Contents/Developer/Platforms/MacOSX.platform/Developer/SDKs/MacOSX10.14.sdk/usr/include/c++/4.2.1
Apple LLVM version 10.0.1 (clang-1001.0.46.4)
Target: x86_64-apple-darwin18.6.0
Thread model: posix
InstalledDir: /Applications/Xcode.app/Contents/Developer/Toolchains/XcodeDefault.xctoolchain/usr/bin
$> clang --version
Apple LLVM version 10.0.1 (clang-1001.0.46.4)
Target: x86_64-apple-darwin18.6.0
Thread model: posix
InstalledDir: /Applications/Xcode.app/Contents/Developer/Toolchains/XcodeDefault.xctoolchain/usr/bin

= User files collection ========================================================
Collecting user files from Vogsphere
Repository URL: auto-exam/2019/c-exam-alone-in-the-dark-beginner/practice-exam_20190702/rengelbr

= Git history ==================================================================
$> git -C /tmp/tmpCRsAOl/user log --pretty='%H - %an, %ad : %s'
2e1b7572d6f05a6d21a2c80ec2709a37463aef58 - Rigardt Engelbrecht, Tue Jul 2 12:54:04 2019 +0200 : aff_a done
 
= Collected files ==========================================
$> ls -lAR /tmp/tmpCRsAOl/user
total 8
-rw-r--r--  1 root  wheel  256 Jul  2 12:58 __GIT_HISTORY
drwxr-xr-x  3 root  wheel   96 Jul  2 12:58 aff_a

/tmp/tmpCRsAOl/user/aff_a:
total 8
-rw-r--r--  1 root  wheel  1174 Jul  2 12:58 aff_a.c
 
= aff_a ========================================================================
$> gcc -Wextra -Wall -Werror aff_a.c -o user_exe 
gcc: error: unable to read SDK settings for '/'
gcc: warning: unable to determine the version of the host OS

= Test 1 ===================================================
$> ./i5rwl2368ke06nmff8fiic8y 
$> diff -U 3 user_output_test1 test1.output | cat -e

Diff OK :D
= Test 2 ===================================================
$> ./a69nm77e0qs3whcvxg8is79k "17" "23" "42"
$> diff -U 3 user_output_test2 test2.output | cat -e

Diff OK :D
= Test 3 ===================================================
$> ./1hnt6s8vxv5ce1klvs2bdkv2 "6Xag9CU"
$> diff -U 3 user_output_test3 test3.output | cat -e

Diff OK :D
= Test 4 ===================================================
$> ./39290ij8qq4x9i5boems8mrn "AQ34Rwga"
$> diff -U 3 user_output_test4 test4.output | cat -e

Diff OK :D
= Test 5 ===================================================
$> ./emvi9hvhl0b1g8izbt35jrip "qb4HdrLC8BT0"
$> diff -U 3 user_output_test5 test5.output | cat -e

Diff OK :D
= Test 6 ===================================================
$> ./s8ymnzun330urpc2a03rkrx4 "c5lu"
$> diff -U 3 user_output_test6 test6.output | cat -e

Diff OK :D
Grade: 1

= Final grade: 1 ===============================================================
