= Host-specific information ====================================================
$> hostname; uname -msr
c3r4s3.wethinkcode.co.za
Darwin 18.6.0 x86_64
$> date
Tue Jul  2 13:15:42 SAST 2019
$> gcc --version
Configured with: --prefix=/Applications/Xcode.app/Contents/Developer/usr --with-gxx-include-dir=/Applications/Xcode.app/Contents/Developer/Platforms/MacOSX.platform/Developer/SDKs/MacOSX10.14.sdk/usr/include/c++/4.2.1
Apple LLVM version 10.0.1 (clang-1001.0.46.4)
Target: x86_64-apple-darwin18.6.0
Thread model: posix
InstalledDir: /Applications/Xcode.app/Contents/Developer/Toolchains/XcodeDefault.xctoolchain/usr/bin
$> clang --version
Apple LLVM version 10.0.1 (clang-1001.0.46.4)
Target: x86_64-apple-darwin18.6.0
Thread model: posix
InstalledDir: /Applications/Xcode.app/Contents/Developer/Toolchains/XcodeDefault.xctoolchain/usr/bin

= User files collection ========================================================
Collecting user files from Vogsphere
Repository URL: auto-exam/2019/c-exam-alone-in-the-dark-beginner/practice-exam_20190702/rengelbr

= Git history ==================================================================
$> git -C /tmp/tmpta27iJ/user log --pretty='%H - %an, %ad : %s'
33a52a2f14844acca172c5eff81eb69872e63127 - Rigardt Engelbrecht, Tue Jul 2 13:15:19 2019 +0200 : created the function ft_putstr which prints string to standard output
2e1b7572d6f05a6d21a2c80ec2709a37463aef58 - Rigardt Engelbrecht, Tue Jul 2 12:54:04 2019 +0200 : aff_a done
 
= Collected files ==========================================
$> ls -lAR /tmp/tmpta27iJ/user
total 8
-rw-r--r--  1 root  wheel  573 Jul  2 13:15 __GIT_HISTORY
drwxr-xr-x  3 root  wheel   96 Jul  2 13:15 aff_a
drwxr-xr-x  3 root  wheel   96 Jul  2 13:15 ft_putstr

/tmp/tmpta27iJ/user/aff_a:
total 8
-rw-r--r--  1 root  wheel  1174 Jul  2 13:15 aff_a.c

/tmp/tmpta27iJ/user/ft_putstr:
total 8
-rw-r--r--  1 root  wheel  1039 Jul  2 13:15 ft_putstr.c
 
= ft_putstr ====================================================================
$> gcc -Wextra -Wall -Werror main.c ft_putstr.c -o user_exe 
gcc: error: unable to read SDK settings for '/'
gcc: warning: unable to determine the version of the host OS

= Test 1 ===================================================
$> ./kewx51zj5ayi7ekq7u5rptt0 "d45syZtWSQl0wk"
$> diff -U 3 user_output_test1 test1.output | cat -e

Diff OK :D
= Test 2 ===================================================
$> ./jnpu6sz22bi73cul3ixhf0l6 "QGX2Hb0JVaZfgBo"
$> diff -U 3 user_output_test2 test2.output | cat -e

Diff OK :D
= Test 3 ===================================================
$> ./vaixf7x4lr4na0f1dc3riikk "L8y6deuRw2DzQax"
$> diff -U 3 user_output_test3 test3.output | cat -e

Diff OK :D
= Test 4 ===================================================
$> ./7fh05e55ltjquqd0bh2vl490 "oEeK KsDVm8r3EeBvu MFhSgowJaxKuYb mKnTwagdV QRLkKEjqzUtoW KXtb6jS fj4mgcGIZyJvDU x5A9sUm3DB 4YVO"
$> diff -U 3 user_output_test4 test4.output | cat -e

Diff OK :D
= Test 5 ===================================================
$> ./s7q7a1rnpggzexrvo0h3fp2c "VW98yguHZArP naTk 1WnFRv6MiZdu8K0wg T7CM x9dDeq1Bu0zWZC8V gPBLhy9uptRzDqa58 Ne80LR qJLQ3yznXAkHT FZJnqXbpfd5OoRua"
$> diff -U 3 user_output_test5 test5.output | cat -e

Diff OK :D
= Test 6 ===================================================
$> ./8rvzcjcq8vdmw9rk495rusfj "KmNeor e9SJ8ip2 d3CyP5LlqF lif fUtjl 5H3IyEweh QiOoYg eTxm3 F5OtsqU hbYrf eJiNt jbrLoWOaKz LoYc CW2p5KuqRjxgIHeOA"
$> diff -U 3 user_output_test6 test6.output | cat -e

Diff OK :D
= Test 7 ===================================================
$> ./uhomprcgsbm63sj48rwgg9c6 "HhlbGmP HRSr4DJb0gEApWqB1 0yHzqowpE5W rRs2wKhOyc5i9ZXx cilSQAUkYruTMbm5I VSpFx3iEy Z0KtcXrYqHBCwJj 0cimhU73 HrjnWshwMGqTmBP 7MV03d8hUF Jt1 AVsRyGe5w0im9 vsXxB USnI0q8x65s1f 8ke9sjKDIzf4YmC"
$> diff -U 3 user_output_test7 test7.output | cat -e

Diff OK :D
= Test 8 ===================================================
$> ./megogyaiuk17a3tgw4ke405q 
$> diff -U 3 user_output_test8 test8.output | cat -e

Diff OK :D
Grade: 1

= Final grade: 1 ===============================================================
