= Host-specific information ====================================================
$> hostname; uname -msr
c3r9s3.wethinkcode.co.za
Darwin 18.7.0 x86_64
$> date
Mon Aug 19 08:34:05 SAST 2019
$> gcc --version
Configured with: --prefix=/Applications/Xcode.app/Contents/Developer/usr --with-gxx-include-dir=/Applications/Xcode.app/Contents/Developer/Platforms/MacOSX.platform/Developer/SDKs/MacOSX10.14.sdk/usr/include/c++/4.2.1
Apple LLVM version 10.0.1 (clang-1001.0.46.4)
Target: x86_64-apple-darwin18.7.0
Thread model: posix
InstalledDir: /Applications/Xcode.app/Contents/Developer/Toolchains/XcodeDefault.xctoolchain/usr/bin
$> clang --version
Apple LLVM version 10.0.1 (clang-1001.0.46.4)
Target: x86_64-apple-darwin18.7.0
Thread model: posix
InstalledDir: /Applications/Xcode.app/Contents/Developer/Toolchains/XcodeDefault.xctoolchain/usr/bin

= User files collection ========================================================
Collecting user files from Vogsphere
Repository URL: auto-exam/2019/c-exam-alone-in-the-dark-beginner/practice-exam_20190819/rengelbr

= Git history ==================================================================
$> git -C /tmp/tmp8xhxef/user log --pretty='%H - %an, %ad : %s'
debe080a8a1caa8eba13b098775e89cd0849d5ff - Rigardt Engelbrecht, Mon Aug 19 08:33:21 2019 +0200 : checks if brackets in arguments are used correctly
 
= Collected files ==========================================
$> ls -lAR /tmp/tmp8xhxef/user
total 8
-rw-r--r--  1 root  wheel  322 Aug 19 08:34 __GIT_HISTORY
drwxr-xr-x  3 root  wheel   96 Aug 19 08:34 brackets

/tmp/tmp8xhxef/user/brackets:
total 8
-rw-r--r--  1 root  wheel  1643 Aug 19 08:34 brackets.c
 
= brackets =====================================================================
$> gcc -Wextra -Wall -Werror brackets.c -o user_exe 
gcc: error: unable to read SDK settings for '/'
gcc: warning: unable to determine the version of the host OS

= Test 1 ===================================================
$> ./0e3hc0t3rhnabb4z8aoeosly '(toto)'
$> diff -U 3 user_output_test1 test1.output | cat -e

Diff OK :D
= Test 2 ===================================================
$> ./vpxrf8g1hkbsgrrfxzgvdxqa '([)]'
$> diff -U 3 user_output_test2 test2.output | cat -e

Diff OK :D
= Test 3 ===================================================
$> ./l836ghap1ope015d8lofv9z8 '' '{[(0 + 0)(1 + 1)](3*(-1)){()}}'
$> diff -U 3 user_output_test3 test3.output | cat -e

Diff OK :D
= Test 4 ===================================================
$> ./sd6kxlrukpeo5o6p5qd90wyo 
$> diff -U 3 user_output_test4 test4.output | cat -e

Diff OK :D
= Test 5 ===================================================
$> ./89syo4gw144zsk9muak70nnv '()' '[]' '{}' '' 'toto' '([{}[{(()[])}()]]())(((([])))())'
$> diff -U 3 user_output_test5 test5.output | cat -e

Diff OK :D
= Test 6 ===================================================
$> ./y6mdhr6c7eas6ypo5ygg32ds '()[]{}' '([{}])[({})]{([])}'
$> diff -U 3 user_output_test6 test6.output | cat -e

Diff OK :D
= Test 7 ===================================================
$> ./h8brqn9dum8bo8zbpkgi0t87 '(]' '{)' '[}' ')' '}' ')' '(' '{' '['
$> diff -U 3 user_output_test7 test7.output | cat -e

Diff OK :D
= Test 8 ===================================================
$> ./zo877hu4ulkhkz1q1ssdxd12 '({)}' '[()]{}]' '])}' '([{' "(cette (trace n'a pas [de but precis]) {a part embeter (tout le monde)})"
$> diff -U 3 user_output_test8 test8.output | cat -e

Diff OK :D
Grade: 1

= Final grade: 1 ===============================================================
