= Host-specific information ====================================================
$> hostname; uname -msr
c3r8s3.wethinkcode.co.za
Darwin 18.7.0 x86_64
$> date
Mon Aug 19 10:44:55 SAST 2019
$> gcc --version
Configured with: --prefix=/Applications/Xcode.app/Contents/Developer/usr --with-gxx-include-dir=/Applications/Xcode.app/Contents/Developer/Platforms/MacOSX.platform/Developer/SDKs/MacOSX10.14.sdk/usr/include/c++/4.2.1
Apple LLVM version 10.0.1 (clang-1001.0.46.4)
Target: x86_64-apple-darwin18.7.0
Thread model: posix
InstalledDir: /Applications/Xcode.app/Contents/Developer/Toolchains/XcodeDefault.xctoolchain/usr/bin
$> clang --version
Apple LLVM version 10.0.1 (clang-1001.0.46.4)
Target: x86_64-apple-darwin18.7.0
Thread model: posix
InstalledDir: /Applications/Xcode.app/Contents/Developer/Toolchains/XcodeDefault.xctoolchain/usr/bin

= User files collection ========================================================
Collecting user files from Vogsphere
Repository URL: auto-exam/2019/c-exam-alone-in-the-dark-beginner/practice-exam_20190819/rengelbr3

= Git history ==================================================================
$> git -C /tmp/tmpzfnxt8/user log --pretty='%H - %an, %ad : %s'
9514ed1b3802e983b4e62993eacc9c0cdf043fc3 - Rigardt Engelbrecht, Mon Aug 19 10:44:33 2019 +0200 : works correctly this time
6d0ab88033ba3641e54283e71c009b4022aab660 - Rigardt Engelbrecht, Mon Aug 19 10:39:44 2019 +0200 : finds biggest palindrome in given string
 
= Collected files ==========================================
$> ls -lAR /tmp/tmpzfnxt8/user
total 8
-rw-r--r--  1 root  wheel  583 Aug 19 10:44 __GIT_HISTORY
drwxr-xr-x  3 root  wheel   96 Aug 19 10:44 biggest_pal

/tmp/tmpzfnxt8/user/biggest_pal:
total 8
-rw-r--r--  1 root  wheel  1801 Aug 19 10:44 biggest_pal.c
 
= biggest_pal ==================================================================
$> gcc -Wextra -Wall -Werror biggest_pal.c -o user_exe 
gcc: error: unable to read SDK settings for '/'
gcc: warning: unable to determine the version of the host OS

= Test 1 ===================================================
$> ./11yavr5khnekelukr3l3q3uv 
$> diff -U 3 user_output_test1 test1.output | cat -e

Diff OK :D
= Test 2 ===================================================
$> ./ht3t3cswcixc4nypbj7s0ybt a
$> diff -U 3 user_output_test2 test2.output | cat -e
--- user_output_test2	2019-08-19 08:45:03.000000000 +0000$
+++ test2.output	2019-08-19 08:45:03.000000000 +0000$
@@ -1 +1 @@$
-$
+a$

Diff KO :(
Grade: 0

= Final grade: 0 ===============================================================
