= Host-specific information ====================================================
$> hostname; uname -msr
c3r2s1.wethinkcode.co.za
Darwin 18.7.0 x86_64
$> date
Tue Aug  6 11:33:49 SAST 2019
$> gcc --version
Configured with: --prefix=/Applications/Xcode.app/Contents/Developer/usr --with-gxx-include-dir=/Applications/Xcode.app/Contents/Developer/Platforms/MacOSX.platform/Developer/SDKs/MacOSX10.14.sdk/usr/include/c++/4.2.1
Apple LLVM version 10.0.1 (clang-1001.0.46.4)
Target: x86_64-apple-darwin18.7.0
Thread model: posix
InstalledDir: /Applications/Xcode.app/Contents/Developer/Toolchains/XcodeDefault.xctoolchain/usr/bin
$> clang --version
Apple LLVM version 10.0.1 (clang-1001.0.46.4)
Target: x86_64-apple-darwin18.7.0
Thread model: posix
InstalledDir: /Applications/Xcode.app/Contents/Developer/Toolchains/XcodeDefault.xctoolchain/usr/bin

= User files collection ========================================================
Collecting user files from Vogsphere
Repository URL: auto-exam/2019/c-exam-alone-in-the-dark-beginner/practice-exam_20190806/rengelbr3

= Git history ==================================================================
$> git -C /tmp/tmpriBQSD/user log --pretty='%H - %an, %ad : %s'
771a99caaae3a5acd223b8e3ef4ecbb990f1a9c9 - Rigardt Engelbrecht, Tue Aug 6 11:33:26 2019 +0200 : program that interprets brainfuck
 
= Collected files ==========================================
$> ls -lAR /tmp/tmpriBQSD/user
total 8
-rw-r--r--  1 root  wheel  304 Aug  6 11:33 __GIT_HISTORY
drwxr-xr-x  3 root  wheel   96 Aug  6 11:33 brainfuck

/tmp/tmpriBQSD/user/brainfuck:
total 8
-rw-r--r--  1 root  wheel  1675 Aug  6 11:33 brianfuck.c
 
= brainfuck ====================================================================
$> gcc -Wextra -Wall -Werror brianfuck.c -o user_exe 
gcc: error: unable to read SDK settings for '/'
gcc: warning: unable to determine the version of the host OS

= Test 1 ===================================================
$> ./fjpmg10jsyifo41wd6duqcur "++++++++++[>+++++++>++++++++++>+++>+<<<<-]>++.>+.+++++++..+++.>++.<<+++++++++++++++.>.+++.------.--------.>+.>."
$> diff -U 3 user_output_test1 test1.output | cat -e

Diff OK :D
= Test 2 ===================================================
$> ./075jaa2fak0njja43mkcango "+++++[>++sefs++[>++sef+dht+>+++++sfsfefijdgj<<-]>>>++efn<<<<-]>>esf-----sf---.>+++++.>."
$> diff -U 3 user_output_test2 test2.output | cat -e

Diff OK :D
= Test 3 ===================================================
$> ./us7015qzuu4474e63fx6vqiw "+>+++++++[>>>++++++++<<<<++++++++>-]+++++++++>>>+>>++++++++++[>++++++++++<-]>[>>+>+>+>+>+>+>+>>+>+>>+>+>+>+>>+>+>>+>+>+>>+>+>+>+>>>>>+>+>+>+>>+>+>+>>+>+>+>+>>+>+>+>>+>+>+>+>>+>+>>+>+>+>+>+>+>>>>+>+>>+>+>+>+<<<<<<<<<<<<<<<<<<<<<<<<<<<<<<<<<<<<<<<<<<<<<<<<<<<<<<<<<<<<<<<<<<<<<<<<<<-]<++++[>++++++++<-]>[>+>>>>>>>>+>>>+>>>>>+>>>+>>>>+>>>>>+>+>>+>>>>>+>>>>+>>>>>+>>>>+>>>>>+>>>+>>>>>>>+>+>+>>>+>>>>>+<<<<<<<<<<<<<<<<<<<<<<<<<<<<<<<<<<<<<<<<<<<<<<<<<<<<<<<<<<<<<<<<<<<<<<<<<<<-]+++++[>>>++>+++>+++>++>>+++>>++>>>>>>+++>>++>++>>+++>+>>>++++>->++>++>++>+++>++>>--->->+>>>++>++>>>>++>++++>++>>->++>>>++>->+++>+++>>+>+++>>>+++>++>+++>++>>>++>>++>++>>++>++>+++<<<<<<<<<<<<<<<<<<<<<<<<<<<<<<<<<<<<<<<<<<<<<<<<<<<<<<<<<<<<<<<<<<<<<<<<<-]>>-->+>+>+>-->+>>>+>++>>-->+>+>->>+>>>+>->+>>->++>-->-->++>->>>->++>++>+>>+>>+>>>+>->>>++>>>>++>++>>>>>+>>++>->+>++>>>>+++>>>+>>->+>->+<<<<<<<<<<<<<<<<<<<<<<<<<<<<<<<<<<<<<<<<<<<<<<<<<<<<<<<<<<<<<<<<<<<<<<<<<<<<<<<<[>>>>++++++++++[->[-]+>[-]<<[<<<<<.>>>>.>>>>.>.>.>.>.>.>.>.>.>.>.>.>.>.>.>.>.>.>.>.>.>.>.>.>.>.>.>.>.>>>.<<<<<<<<<<<<<<<<<<<<<<<<<<<<<<<<<<<<<<<.>>>>.>>>>.>.>.>.>.>.>.>.>.>.>.>.>.>.>.>.>>>>>>>>>>>>>>.>.>>.>.>.>.>.>.>.>.>.>.>.>.>.>.>.>.>.>.>.>.>.>.>.>.>.>.>.>.>.>.>.>.>.>.>.<<<<<<<<<<<<<<<<<<<<<<<<<<<<<<<<<<<<<<<<<<<<<<<<<<<<<<<<<<<<<<<<<<<<<<<<<<.>>>>-.>>>>.>.>.>.>.>.>.>.>.>.>.>.>.>.>.>.>.>.>.>.>.>.>.>.>.>.>.>.>>.>..<<<<<<<<<<<<<<<<<<<<<<<<<<<<<<<<-]>[<<<<<->[-]+>[-]<<[<.>>>>.>>>>.>.>.>.>.>.>.>.>.>.>.>.>.>.>.>.>.>.>.>.>.>.>.>.>.>.>.>.>.>>>.<<<<<<<<<<<<<<<<<<<<<<<<<<<<<<<<<<<<<<<.>>>>.>>>>.>.>.>.>.>.>.>.>.>.>.>.>.>.>.>.>>>>>>>>>>>>>>.>.>>.>.>.>.>.>.>.>.>.>.>.>.>.>.>.>.>.>.>.>.>.>.>.>.>.>.>.>.>.>.>.>.>.>.>.<<<<<<<<<<<<<<<<<<<<<<<<<<<<<<<<<<<<<<<<<<<<<<<<<<<<<<<<<<<<<<<<<<<<<<<<<<-.>>>>+++++++++.>>>>.>.>.>.>.>.>.>.>.>.>.>.>.>.>.>.>.>.>.>.>.>.>.>.>.>.>.>.>>.>..<<<<<<<<<<<<<<<<<<<<<<<<<<<<<<<<<<<<-]>[<<.>>>>.>>>>.>.>.>.>.>.>.>.>.>.>.>.>.>.>.>.>.>.>.>.>.>.>.>.>.>.>.>.>.>>>.<<<<<<<<<<<<<<<<<<<<<<<<<<<<<<<<<<<<<<<.>>>>.>>>>.>.>.>.>.>.>.>.>.>.>.>.>.>.>.>.>>>>>>>>>>>>>>.>.>>.>.>.>.>.>.>.>.>.>.>.>.>.>.>.>.>.>.>.>.>.>.>.>.>.>.>.>.>.>.>.>.>.>.>.<<<<<<<<<<<<<<<<<<<<<<<<<<<<<<<<<<<<<<<<<<<<<<<<<<<<<<<<<<<<<<<<<<<<<<+++++++++.>>>>.>.>.>.>.>.>.>.>.>.>.>.>.>.>.>.>.>.>.>.>.>.>.>.>.>.>.>.>>.>..<<<<<<<<<<<<<<<<<<<<<<<<<<<<<<<<<<<<->]<<+>>>>>->]<<]<<<<-]>>>>++++++++[->[-]+>[-]<<[<.>>>>.>.>.>.>.>.>.>.>.>.>.>.>.>.>.>.>.>.>.>.>.>.>.>.>.>.>.>.>.>>>.<<<<<<<<<<<<<<<<<<<<<<<<<<<<<<<<<<<.>>>>.>.>.>.>.>.>.>.>.>.>.>.>.>.>.>.>>>>>>>>>>>>>>.>.>>.>.>.>.>.>.>.>.>.>.>.>.>.>.>.>.>.>.>.>.>.>.>.>.>.>.>.>.>.>.>.>.>.>.>.<<<<<<<<<<<<<<<<<<<<<<<<<<<<<<<<<<<<<<<<<<<<<<<<<<<<<<<<<<<<<<<<<<<<<<-.>>>>.>.>.>.>.>.>.>.>.>.>.>.>.>.>.>.>.>.>.>.>.>.>.>.>.>.>.>.>>.>..<<<<<<<<<<<<<<<<<<<<<<<<<<<<<<<<-]>[<<.>>>>.>.>.>.>.>.>.>.>.>.>.>.>.>.>.>.>.>.>.>.>.>.>.>.>.>.>.>.>.>>>.<<<<<<<<<<<<<<<<<<<<<<<<<<<<<<<<<<<.>>>>.>.>.>.>.>.>.>.>.>.>.>.>.>.>.>.>>>>>>>>>>>>>>.>.>>.>.>.>.>.>.>.>.>.>.>.>.>.>.>.>.>.>.>.>.>.>.>.>.>.>.>.>.>.>.>.>.>.>.>.<<<<<<<<<<<<<<<<<<<<<<<<<<<<<<<<<<<<<<<<<<<<<<<<<<<<<<<<<<<<<<<<<<<<<<-.>>>>.>.>.>.>.>.>.>>.>.>.>.>.>.>.>.>.>.>.>.>.>.>.>.>.>.>.>.>>.>..<<<<<<<<<<<<<<<<<<<<<<<<<<<<<<<<->]<<]<.>>>>.>.>.>.>.>.>.>>.>.>.>.>.>.>.>.>.>.>.>.>.>.>.>.>.>.>.>.>.>>>.<<<<<<<<<<<<<<<<<<<<<<<<<<<<<<<<<<<.>>>>.>.>.>.>.>.>.>>.>.>.>.>.>.>.>.>>>>>>>>>>>>>>.>.>>.>.>.>.>.>.>.>.>.>.>.>.>.>.>.>.>.>.>.>.>.>.>.>.>.>.>.>.>.>.>.>.>.>.>.>.>.>.>.>.>.>.<<<<<<<<<<<<<<<<<<<<<<<<<<<<<<<<<<<<<<<<<<<<<<<<<<<<<<<<<<<<<<<<<<<<<<<<<.>.>.>.>.>.>.>.>.>.>.>.>.>.>.>.>.>.>.>.>.>.>.>.>.>.>.>.>>.>"
$> diff -U 3 user_output_test3 test3.output | cat -e

Diff OK :D
= Test 4 ===================================================
$> ./xw6vu9py314wcum0mrt8637w "+++++++++++>+>>>>++++++++++++++++++++++++++++++++++++++++++++>++++++++++++++++++++++++++++++++<<<<<<[>[>>>>>>+>+<<<<<<<-]>>>>>>>[<<<<<<<+>>>>>>>-]<[>++++++++++[-<-[>>+>+<<<-]>>>[<<<+>>>-]+<[>[-]<[-]]>[<<[>>>+<<<-]>>[-]]<<]>>>[>>+>+<<<-]>>>[<<<+>>>-]+<[>[-]<[-]]>[<<+>>[-]]<<<<<<<]>>>>>[++++++++++++++++++++++++++++++++++++++++++++++++.[-]]++++++++++<[->-<]>++++++++++++++++++++++++++++++++++++++++++++++++.[-]<<<<<<<<<<<<[>>>+>+<<<<-]>>>>[<<<<+>>>>-]<-[>>.>.<<<[-]]<<[>>+>+<<<-]>>>[<<<+>>>-]<<[<+>-]>[<+>-]<<<-]"
$> diff -U 3 user_output_test4 test4.output | cat -e

Diff OK :D
= Test 5 ===================================================
$> ./0ycob5e08seo8cnid3mi6gpy "++++++++++++++++++++++++++++++++++++++++++++++++++++.>++++++++++++++++++++++++++++++++++++++++++++++++++.>++++++++++."
$> diff -U 3 user_output_test5 test5.output | cat -e

Diff OK :D
Grade: 1

= Final grade: 1 ===============================================================
