= Host-specific information ====================================================
$> hostname; uname -msr
c3r3s6.wethinkcode.co.za
Darwin 18.7.0 x86_64
$> date
Tue Aug  6 09:58:29 SAST 2019
$> gcc --version
Configured with: --prefix=/Applications/Xcode.app/Contents/Developer/usr --with-gxx-include-dir=/Applications/Xcode.app/Contents/Developer/Platforms/MacOSX.platform/Developer/SDKs/MacOSX10.14.sdk/usr/include/c++/4.2.1
Apple LLVM version 10.0.1 (clang-1001.0.46.4)
Target: x86_64-apple-darwin18.7.0
Thread model: posix
InstalledDir: /Applications/Xcode.app/Contents/Developer/Toolchains/XcodeDefault.xctoolchain/usr/bin
$> clang --version
Apple LLVM version 10.0.1 (clang-1001.0.46.4)
Target: x86_64-apple-darwin18.7.0
Thread model: posix
InstalledDir: /Applications/Xcode.app/Contents/Developer/Toolchains/XcodeDefault.xctoolchain/usr/bin

= User files collection ========================================================
Collecting user files from Vogsphere
Repository URL: auto-exam/2019/c-exam-alone-in-the-dark-beginner/practice-exam_20190806/rengelbr2

= Git history ==================================================================
$> git -C /tmp/tmpu4grrZ/user log --pretty='%H - %an, %ad : %s'
4f90cbe589bd9db84d627d264e9128bf22912ac4 - Rigardt Engelbrecht, Tue Aug 6 09:58:12 2019 +0200 : sorts a singly linked list in ascending order
 
= Collected files ==========================================
$> ls -lAR /tmp/tmpu4grrZ/user
total 8
-rw-r--r--  1 root  wheel  301 Aug  6 09:58 __GIT_HISTORY
drwxr-xr-x  3 root  wheel   96 Aug  6 09:58 sort_list

/tmp/tmpu4grrZ/user/sort_list:
total 8
-rw-r--r--  1 root  wheel  1249 Aug  6 09:58 sort_list.c
 
= sort_list ====================================================================
$> gcc -Wextra -Wall -Werror sort_list.c main.c -o user_exe 
gcc: error: unable to read SDK settings for '/'
gcc: warning: unable to determine the version of the host OS
sort_list.c:22:22: error: use of undeclared identifier 'NULL'
        while (lst->next != NULL)
                            ^
1 error generated.

Could not compile 'user_exe'
Grade: 0

= Final grade: 0 ===============================================================
